2024-06-22T01:02:57 | touched: Cargo.toml
2024-11-24T12:28:41 | touched: LICENSE
2026-01-21T11:03:44 | touched: src/main.rs
2025-09-06T16:51:39 | touched: Cargo.toml
2025-05-28T21:59:50 | touched: LICENSE
2025-12-06T23:38:23 | touched: LICENSE
2025-03-26T17:32:01 | touched: src/lib.rs
2025-02-17T09:02:20 | touched: LICENSE
2024-10-11T10:04:35 | touched: src/lib.rs
2025-07-15T22:21:18 | touched: src/main.rs
2026-01-10T21:43:32 | touched: README.md
2025-02-07T20:24:04 | touched: src/main.rs
2024-03-20T03:38:59 | touched: Cargo.toml
2026-01-23T20:10:51 | touched: Cargo.toml
2025-03-02T15:18:30 | touched: Cargo.toml
2024-02-29T04:28:14 | touched: src/lib.rs
2025-01-01T23:01:44 | touched: LICENSE
2026-01-23T04:52:45 | touched: README.md
2024-08-31T02:41:51 | touched: LICENSE
2025-09-10T07:18:15 | touched: README.md
2025-10-27T13:43:34 | touched: src/lib.rs
2026-01-02T11:27:07 | touched: src/lib.rs
2025-05-24T16:18:23 | touched: src/lib.rs
2025-10-01T10:59:19 | touched: Cargo.toml
2025-03-17T03:54:53 | touched: src/lib.rs
2024-07-30T22:59:30 | touched: src/main.rs
2026-01-19T12:03:33 | touched: README.md
2024-12-23T22:24:26 | touched: src/lib.rs
2025-05-06T01:22:56 | touched: README.md
2026-01-13T05:14:27 | touched: src/main.rs
2024-01-20T08:08:10 | touched: Cargo.toml
2025-05-12T19:47:39 | touched: LICENSE
2025-09-20T02:11:15 | touched: Cargo.toml
2025-07-16T00:13:43 | touched: LICENSE
2025-06-15T23:08:41 | touched: src/main.rs
2025-12-15T20:35:01 | touched: README.md
2025-08-18T09:38:39 | touched: src/main.rs
2025-08-30T14:37:58 | touched: Cargo.toml
2025-03-01T23:16:42 | touched: LICENSE
2025-05-10T11:44:09 | touched: README.md
2025-12-02T13:10:10 | touched: Cargo.toml
2025-12-10T17:35:27 | touched: src/lib.rs
2025-07-22T07:28:03 | touched: LICENSE
2025-06-20T05:44:44 | touched: README.md
2025-02-22T14:34:23 | touched: README.md
2025-08-08T06:03:41 | touched: README.md
2025-09-22T04:57:45 | touched: README.md
2025-10-03T20:18:50 | touched: LICENSE
2025-06-18T18:19:05 | touched: README.md
2025-07-05T00:43:16 | touched: Cargo.toml
2025-05-18T19:59:41 | touched: LICENSE
2025-01-09T01:28:47 | touched: Cargo.toml
2025-09-09T14:38:55 | touched: src/lib.rs
2025-12-15T05:50:16 | touched: src/main.rs
2025-03-16T03:25:00 | touched: src/lib.rs
2025-11-16T11:00:48 | touched: Cargo.toml
